


ARM Macro Assembler    Page 1 


    1 00000000         
    2 00000000         
    3 00000000                 AREA             |.text|, CODE, READONLY, ALIGN=
2
    4 00000000                 THUMB
    5 00000000                 EXPORT           Start
    6 00000000                 IMPORT           PortF_Init
    7 00000000                 IMPORT           exp
    8 00000000                 IMPORT           mulsum4
    9 00000000                 IMPORT           blue_led_on
   10 00000000                 IMPORT           blue_led_off
   11 00000000                 IMPORT           red_led_on
   12 00000000                 IMPORT           red_led_off
   13 00000000                 IMPORT           green_led_on
   14 00000000                 IMPORT           green_led_off
   15 00000000                 IMPORT           leds_off
   16 00000000                 IMPORT           delay
   17 00000000                 IMPORT           delay_numTimes
   18 00000000         
   19 00000000         ;Be sure to import your created functions
   20 00000000         
   21 00000000         
   22 00000000         
   23 00000000         Start
   24 00000000 F7FF FFFE       BL               PortF_Init
   25 00000004         loop
   26 00000004         
   27 00000004         ;Comment and uncomment the appropriate branch instructio
                       ns to demo the different parts of the lab
   28 00000004         ;B part1
   29 00000004         ;B part2
   30 00000004         ;B part3
   31 00000004 E018            B                part4
   32 00000006         
   33 00000006 E7FD            B                loop
   34 00000008         
   35 00000008         
   36 00000008         part1
   37 00000008         
   38 00000008         ;Toggle an LED every 25ms using your created 25ms delay 
                       subroutine
   39 00000008         
   40 00000008         ;Turn on LED
   41 00000008         ;Call 25 ms delay subroutine
   42 00000008         ;Turn off LED
   43 00000008         ;Call 25 ms delay subroutine
   44 00000008         ;PUSH{LR}
   45 00000008         
   46 00000008 F7FF FFFE       BL               red_led_on
   47 0000000C F7FF FFFE       BL               delay
   48 00000010 F7FF FFFE       BL               red_led_off
   49 00000014 F7FF FFFE       BL               delay
   50 00000018         
   51 00000018         ;POP{LR}
   52 00000018         
   53 00000018 E7F4            B                loop
   54 0000001A         
   55 0000001A         
   56 0000001A         part2



ARM Macro Assembler    Page 2 


   57 0000001A         
   58 0000001A         ;Toggle an LED every 500ms using your created variable d
                       elay subroutine
   59 0000001A         
   60 0000001A         ;Turn on LED
   61 0000001A         ;MOV R0, #20
   62 0000001A         ;Call variable delay subroutine
   63 0000001A         ;Turn off LED
   64 0000001A         ;MOV R0, #20
   65 0000001A         ;Call variable delay subroutine
   66 0000001A         
   67 0000001A F7FF FFFE       BL               red_led_on
   68 0000001E F04F 0014       MOV              R0, #20
   69 00000022 F7FF FFFE       BL               delay_numTimes
   70 00000026 F7FF FFFE       BL               red_led_off
   71 0000002A F04F 0014       MOV              R0, #20
   72 0000002E F7FF FFFE       BL               delay_numTimes
   73 00000032         
   74 00000032 E7E7            B                loop
   75 00000034         
   76 00000034         
   77 00000034         part3
   78 00000034         
   79 00000034 E002            B                testexp     ;Comment out to do 
                                                            your own testing
   80 00000036         
   81 00000036         ;You can use this section to test your "exp" function
   82 00000036         ;Example of self testing
   83 00000036         ;MOV #3
   84 00000036         ;MOV #2
   85 00000036         ;BL exp
   86 00000036         ;NOP ;Check debugger value to make sure result is 9
   87 00000036         
   88 00000036 E7E5            B                loop
   89 00000038         
   90 00000038         
   91 00000038         part4
   92 00000038         
   93 00000038 E04E            B                testmulsum4 ;Comment out to do 
                                                            your own testing
   94 0000003A         
   95 0000003A E7E3            B                loop
   96 0000003C         
   97 0000003C         
   98 0000003C         
   99 0000003C         ;;;;;;;;;;;;;;;;;;;;;;;;;;;;;;;;;;;;
  100 0000003C         ;
  101 0000003C         ; Code for testing Parts 3 and 4
  102 0000003C         ;
  103 0000003C         ;;;;;;;;;;;;;;;;;;;;;;;;;;;;;;;;;;;;
  104 0000003C         
  105 0000003C         ;Tests exp subroutine which performs (A+B) to the power 
                       of A
  106 0000003C         ;Turns on green LED if exp is correct
  107 0000003C         ;Turns on red LED if exp is incorrect
  108 0000003C         testexp
  109 0000003C F7FF FFFE       BL               leds_off
  110 00000040 F04F 0001       MOV              R0, #1
  111 00000044 F04F 0102       MOV              R1, #2



ARM Macro Assembler    Page 3 


  112 00000048 F04F 0403       MOV              R4, #3
  113 0000004C F7FF FFFE       BL               exp
  114 00000050 42A0            CMP              R0, R4
  115 00000052 D13E            BNE              testexpfail
  116 00000054 F04F 0002       MOV              R0, #2
  117 00000058 F04F 0103       MOV              R1, #3
  118 0000005C F04F 0519       MOV              R5, #25
  119 00000060 F7FF FFFE       BL               exp
  120 00000064 42A8            CMP              R0, R5
  121 00000066 D134            BNE              testexpfail
  122 00000068 F04F 0003       MOV              R0, #3
  123 0000006C F04F 0107       MOV              R1, #7
  124 00000070 F44F 767A       MOV              R6, #1000
  125 00000074 F7FF FFFE       BL               exp
  126 00000078 42B0            CMP              R0, R6
  127 0000007A D12A            BNE              testexpfail
  128 0000007C         
  129 0000007C F04F 0002       MOV              R0, #2
  130 00000080 F04F 0102       MOV              R1, #2
  131 00000084 F04F 0710       MOV              R7, #16
  132 00000088 F7FF FFFE       BL               exp
  133 0000008C 42B8            CMP              R0, R7
  134 0000008E D120            BNE              testexpfail
  135 00000090         
  136 00000090 F04F 0003       MOV              R0, #3
  137 00000094 F04F 0103       MOV              R1, #3
  138 00000098 F04F 08D8       MOV              R8, #216
  139 0000009C F7FF FFFE       BL               exp
  140 000000A0 4540            CMP              R0, R8
  141 000000A2 D116            BNE              testexpfail
  142 000000A4         
  143 000000A4 F04F 0004       MOV              R0, #4
  144 000000A8 F04F 0104       MOV              R1, #4
  145 000000AC F44F 5980       MOV              R9, #4096
  146 000000B0 F7FF FFFE       BL               exp
  147 000000B4 4548            CMP              R0, R9
  148 000000B6 D10C            BNE              testexpfail
  149 000000B8         
  150 000000B8 F04F 0002       MOV              R0, #2
  151 000000BC F04F 0106       MOV              R1, #6
  152 000000C0 F04F 0A40       MOV              R10, #64
  153 000000C4 F7FF FFFE       BL               exp
  154 000000C8 4550            CMP              R0, R10
  155 000000CA D102            BNE              testexpfail
  156 000000CC         
  157 000000CC F7FF FFFE       BL               green_led_on ;All tests passed
  158 000000D0 E001            B                testexpend
  159 000000D2         testexpfail
  160 000000D2 F7FF FFFE       BL               red_led_on
  161 000000D6         testexpend
  162 000000D6 E795            B                loop
  163 000000D8         
  164 000000D8         
  165 000000D8         ;Tests mulsum4 which performs ((A+B)*(C+D)*3)+D+(B*C*4)
  166 000000D8         ; (A+B+C)*(B+C+D)*2
  167 000000D8         ;Turns on blue LED if func4 is correct
  168 000000D8         ;Turns on red LED if func4 is incorrect
  169 000000D8         testmulsum4
  170 000000D8 F7FF FFFE       BL               leds_off



ARM Macro Assembler    Page 4 


  171 000000DC F04F 0001       MOV              R0, #1
  172 000000E0 F04F 0101       MOV              R1, #1
  173 000000E4 F04F 0201       MOV              R2, #1
  174 000000E8 F04F 0301       MOV              R3, #1
  175 000000EC F04F 0412       MOV              R4, #18
  176 000000F0 F7FF FFFE       BL               mulsum4
  177 000000F4 42A0            CMP              R0, R4
  178 000000F6 D140            BNE              testmulsum4fail
  179 000000F8 F04F 0002       MOV              R0, #2
  180 000000FC F04F 0103       MOV              R1, #3
  181 00000100 F04F 0204       MOV              R2, #4
  182 00000104 F04F 0305       MOV              R3, #5
  183 00000108 F04F 05D8       MOV              R5, #216
  184 0000010C F7FF FFFE       BL               mulsum4
  185 00000110 42A8            CMP              R0, R5
  186 00000112 D132            BNE              testmulsum4fail
  187 00000114 F04F 0003       MOV              R0, #3
  188 00000118 F04F 0103       MOV              R1, #3
  189 0000011C F04F 0205       MOV              R2, #5
  190 00000120 F04F 0305       MOV              R3, #5
  191 00000124 F44F 768F       MOV              R6, #286
  192 00000128 F7FF FFFE       BL               mulsum4
  193 0000012C 42B0            CMP              R0, R6
  194 0000012E D124            BNE              testmulsum4fail
  195 00000130         
  196 00000130 F04F 0002       MOV              R0,#2
  197 00000134 F04F 0102       MOV              R1,#2
  198 00000138 F04F 0202       MOV              R2,#2
  199 0000013C F04F 0302       MOV              R3,#2
  200 00000140 F04F 0724       MOV              R7,#36
  201 00000144 F04F 0824       MOV              R8,#36
  202 00000148 F7FF FFFE       BL               mulsum4
  203 0000014C 4447            ADD              R7,R7,R8
  204 0000014E 42B8            CMP              R0,R7
  205 00000150 D113            BNE              testmulsum4fail
  206 00000152         
  207 00000152 F04F 0003       MOV              R0,#3
  208 00000156 F04F 0104       MOV              R1,#4
  209 0000015A F04F 0201       MOV              R2,#1
  210 0000015E F04F 0303       MOV              R3,#3
  211 00000162 F04F 0940       MOV              R9,#64
  212 00000166 F04F 0A40       MOV              R10,#64
  213 0000016A F7FF FFFE       BL               mulsum4
  214 0000016E 44D1            ADD              R9,R9,R10
  215 00000170 4548            CMP              R0,R9
  216 00000172 D102            BNE              testmulsum4fail
  217 00000174         
  218 00000174 F7FF FFFE       BL               blue_led_on ;All tests passed
  219 00000178 E001            B                testmulsum4end
  220 0000017A         testmulsum4fail
  221 0000017A F7FF FFFE       BL               red_led_on
  222 0000017E         testmulsum4end
  223 0000017E E741            B                loop
  224 00000180         
  225 00000180         
  226 00000180                 ALIGN
  227 00000180                 END
Command Line: --debug --xref --diag_suppress=9931 --cpu=Cortex-M4 --apcs=interw
ork --depend=.\objects\main.d -o.\objects\main.o -I.\RTE\_Target_1 -IC:\Users\B



ARM Macro Assembler    Page 5 


obby\AppData\Local\Arm\Packs\ARM\CMSIS\5.6.0\Device\ARM\ARMCM4\Include -IC:\Kei
l_v5\ARM\CMSIS\Include --predefine="__EVAL SETA 1" --predefine="__UVISION_VERSI
ON SETA 529" --predefine="ARMCM4 SETA 1" --list=.\listings\main.lst main.s



ARM Macro Assembler    Page 1 Alphabetic symbol ordering
Relocatable symbols

.text 00000000

Symbol: .text
   Definitions
      At line 3 in file main.s
   Uses
      None
Comment: .text unused
Start 00000000

Symbol: Start
   Definitions
      At line 23 in file main.s
   Uses
      At line 5 in file main.s
Comment: Start used once
loop 00000004

Symbol: loop
   Definitions
      At line 25 in file main.s
   Uses
      At line 33 in file main.s
      At line 53 in file main.s
      At line 74 in file main.s
      At line 88 in file main.s
      At line 95 in file main.s
      At line 162 in file main.s
      At line 223 in file main.s

part1 00000008

Symbol: part1
   Definitions
      At line 36 in file main.s
   Uses
      None
Comment: part1 unused
part2 0000001A

Symbol: part2
   Definitions
      At line 56 in file main.s
   Uses
      None
Comment: part2 unused
part3 00000034

Symbol: part3
   Definitions
      At line 77 in file main.s
   Uses
      None
Comment: part3 unused
part4 00000038

Symbol: part4
   Definitions
      At line 91 in file main.s



ARM Macro Assembler    Page 2 Alphabetic symbol ordering
Relocatable symbols

   Uses
      At line 31 in file main.s
Comment: part4 used once
testexp 0000003C

Symbol: testexp
   Definitions
      At line 108 in file main.s
   Uses
      At line 79 in file main.s
Comment: testexp used once
testexpend 000000D6

Symbol: testexpend
   Definitions
      At line 161 in file main.s
   Uses
      At line 158 in file main.s
Comment: testexpend used once
testexpfail 000000D2

Symbol: testexpfail
   Definitions
      At line 159 in file main.s
   Uses
      At line 115 in file main.s
      At line 121 in file main.s
      At line 127 in file main.s
      At line 134 in file main.s
      At line 141 in file main.s
      At line 148 in file main.s
      At line 155 in file main.s

testmulsum4 000000D8

Symbol: testmulsum4
   Definitions
      At line 169 in file main.s
   Uses
      At line 93 in file main.s
Comment: testmulsum4 used once
testmulsum4end 0000017E

Symbol: testmulsum4end
   Definitions
      At line 222 in file main.s
   Uses
      At line 219 in file main.s
Comment: testmulsum4end used once
testmulsum4fail 0000017A

Symbol: testmulsum4fail
   Definitions
      At line 220 in file main.s
   Uses
      At line 178 in file main.s
      At line 186 in file main.s
      At line 194 in file main.s
      At line 205 in file main.s



ARM Macro Assembler    Page 3 Alphabetic symbol ordering
Relocatable symbols

      At line 216 in file main.s

13 symbols



ARM Macro Assembler    Page 1 Alphabetic symbol ordering
External symbols

PortF_Init 00000000

Symbol: PortF_Init
   Definitions
      At line 6 in file main.s
   Uses
      At line 24 in file main.s
Comment: PortF_Init used once
blue_led_off 00000000

Symbol: blue_led_off
   Definitions
      At line 10 in file main.s
   Uses
      None
Comment: blue_led_off unused
blue_led_on 00000000

Symbol: blue_led_on
   Definitions
      At line 9 in file main.s
   Uses
      At line 218 in file main.s
Comment: blue_led_on used once
delay 00000000

Symbol: delay
   Definitions
      At line 16 in file main.s
   Uses
      At line 47 in file main.s
      At line 49 in file main.s

delay_numTimes 00000000

Symbol: delay_numTimes
   Definitions
      At line 17 in file main.s
   Uses
      At line 69 in file main.s
      At line 72 in file main.s

exp 00000000

Symbol: exp
   Definitions
      At line 7 in file main.s
   Uses
      At line 113 in file main.s
      At line 119 in file main.s
      At line 125 in file main.s
      At line 132 in file main.s
      At line 139 in file main.s
      At line 146 in file main.s
      At line 153 in file main.s

green_led_off 00000000

Symbol: green_led_off



ARM Macro Assembler    Page 2 Alphabetic symbol ordering
External symbols

   Definitions
      At line 14 in file main.s
   Uses
      None
Comment: green_led_off unused
green_led_on 00000000

Symbol: green_led_on
   Definitions
      At line 13 in file main.s
   Uses
      At line 157 in file main.s
Comment: green_led_on used once
leds_off 00000000

Symbol: leds_off
   Definitions
      At line 15 in file main.s
   Uses
      At line 109 in file main.s
      At line 170 in file main.s

mulsum4 00000000

Symbol: mulsum4
   Definitions
      At line 8 in file main.s
   Uses
      At line 176 in file main.s
      At line 184 in file main.s
      At line 192 in file main.s
      At line 202 in file main.s
      At line 213 in file main.s

red_led_off 00000000

Symbol: red_led_off
   Definitions
      At line 12 in file main.s
   Uses
      At line 48 in file main.s
      At line 70 in file main.s

red_led_on 00000000

Symbol: red_led_on
   Definitions
      At line 11 in file main.s
   Uses
      At line 46 in file main.s
      At line 67 in file main.s
      At line 160 in file main.s
      At line 221 in file main.s

12 symbols
358 symbols in table
