


ARM Macro Assembler    Page 1 


    1 00000000         
    2 00000000         
    3 00000000                 AREA             |.text|, CODE, READONLY, ALIGN=
2
    4 00000000                 THUMB
    5 00000000                 EXPORT           Start
    6 00000000                 IMPORT           PortF_Init
    7 00000000                 IMPORT           LEDs_on
    8 00000000                 IMPORT           red_on
    9 00000000                 IMPORT           blue_on
   10 00000000                 IMPORT           red_toggle
   11 00000000                 IMPORT           blue_toggle
   12 00000000                 IMPORT           green_toggle
   13 00000000                 IMPORT           all_off
   14 00000000                 IMPORT           buttons
   15 00000000                 IMPORT           delay
   16 00000000         
   17 00000000         
   18 00000000         ;Be sure to import your created I/O functions
   19 00000000         
   20 00000000         
   21 00000000         
   22 00000000         Start
   23 00000000 F7FF FFFE       BL               PortF_Init
   24 00000004         loop
   25 00000004         ;Used by Part 1 to prove PortF_Init is correct
   26 00000004         ;BL LEDs_on ;Comment out for later parts
   27 00000004         
   28 00000004         
   29 00000004         ; Part 3
   30 00000004         ; Call delay
   31 00000004         ; Read the state of the buttons
   32 00000004         ; None -> Call toggle
   33 00000004         ; SW1 -> Call blue_on
   34 00000004         ; SW2 -> Call red_on
   35 00000004         ; Both -> Call toggle, blue_on, red_on
   36 00000004         
   37 00000004 F7FF FFFE       BL               delay
   38 00000008 F7FF FFFE       BL               buttons
   39 0000000C         
   40 0000000C 2811            CMP              R0, #0x11
   41 0000000E D006            BEQ              noButtons
   42 00000010         
   43 00000010 2801            CMP              R0, #0x01
   44 00000012 D00B            BEQ              onlyOne
   45 00000014         
   46 00000014 2810            CMP              R0, #0x10
   47 00000016 D00E            BEQ              onlyTwo
   48 00000018         
   49 00000018 2800            CMP              R0, #0x00
   50 0000001A D011            BEQ              bothButtons
   51 0000001C         
   52 0000001C E033            B                done
   53 0000001E         
   54 0000001E         noButtons
   55 0000001E F7FF FFFE       BL               all_off
   56 00000022 F7FF FFFE       BL               delay
   57 00000026 F7FF FFFE       BL               green_toggle
   58 0000002A         



ARM Macro Assembler    Page 2 


   59 0000002A E02C            B                done
   60 0000002C         
   61 0000002C         onlyOne
   62 0000002C F7FF FFFE       BL               all_off
   63 00000030 F7FF FFFE       BL               blue_on
   64 00000034 E027            B                done
   65 00000036         
   66 00000036         onlyTwo
   67 00000036 F7FF FFFE       BL               all_off
   68 0000003A F7FF FFFE       BL               red_on
   69 0000003E E022            B                done
   70 00000040         
   71 00000040         bothButtons
   72 00000040         ;PROC {}
   73 00000040 F7FF FFFE       BL               all_off
   74 00000044         
   75 00000044 F7FF FFFE       BL               buttons
   76 00000048 2800            CMP              R0, #0x00
   77 0000004A D11C            BNE              done
   78 0000004C F7FF FFFE       BL               delay
   79 00000050         
   80 00000050 F7FF FFFE       BL               red_on
   81 00000054 F7FF FFFE       BL               blue_on
   82 00000058 F7FF FFFE       BL               green_toggle
   83 0000005C         
   84 0000005C F7FF FFFE       BL               buttons
   85 00000060 2800            CMP              R0, #0x00
   86 00000062 D110            BNE              done
   87 00000064 F7FF FFFE       BL               delay
   88 00000068         
   89 00000068 F7FF FFFE       BL               green_toggle
   90 0000006C         
   91 0000006C F7FF FFFE       BL               buttons
   92 00000070 2800            CMP              R0, #0x00
   93 00000072 D108            BNE              done
   94 00000074 F7FF FFFE       BL               delay
   95 00000078         
   96 00000078 F7FF FFFE       BL               green_toggle
   97 0000007C F7FF FFFE       BL               red_toggle
   98 00000080 F7FF FFFE       BL               blue_toggle
   99 00000084         
  100 00000084 E7FF            B                done
  101 00000086         
  102 00000086         
  103 00000086         done
  104 00000086 E7BD            B                loop
  105 00000088         
  106 00000088                 ALIGN
  107 00000088                 END
Command Line: --debug --xref --diag_suppress=9931 --cpu=Cortex-M4 --apcs=interw
ork --depend=.\objects\main.d -o.\objects\main.o -I.\RTE\_Target_1 -IC:\Users\B
obby\AppData\Local\Arm\Packs\ARM\CMSIS\5.6.0\Device\ARM\ARMCM4\Include -IC:\Kei
l_v5\ARM\CMSIS\Include --predefine="__EVAL SETA 1" --predefine="__UVISION_VERSI
ON SETA 529" --predefine="ARMCM4 SETA 1" --list=.\listings\main.lst main.s



ARM Macro Assembler    Page 1 Alphabetic symbol ordering
Relocatable symbols

.text 00000000

Symbol: .text
   Definitions
      At line 3 in file main.s
   Uses
      None
Comment: .text unused
Start 00000000

Symbol: Start
   Definitions
      At line 22 in file main.s
   Uses
      At line 5 in file main.s
Comment: Start used once
bothButtons 00000040

Symbol: bothButtons
   Definitions
      At line 71 in file main.s
   Uses
      At line 50 in file main.s
Comment: bothButtons used once
done 00000086

Symbol: done
   Definitions
      At line 103 in file main.s
   Uses
      At line 52 in file main.s
      At line 59 in file main.s
      At line 64 in file main.s
      At line 69 in file main.s
      At line 77 in file main.s
      At line 86 in file main.s
      At line 93 in file main.s
      At line 100 in file main.s

loop 00000004

Symbol: loop
   Definitions
      At line 24 in file main.s
   Uses
      At line 104 in file main.s
Comment: loop used once
noButtons 0000001E

Symbol: noButtons
   Definitions
      At line 54 in file main.s
   Uses
      At line 41 in file main.s
Comment: noButtons used once
onlyOne 0000002C

Symbol: onlyOne
   Definitions



ARM Macro Assembler    Page 2 Alphabetic symbol ordering
Relocatable symbols

      At line 61 in file main.s
   Uses
      At line 44 in file main.s
Comment: onlyOne used once
onlyTwo 00000036

Symbol: onlyTwo
   Definitions
      At line 66 in file main.s
   Uses
      At line 47 in file main.s
Comment: onlyTwo used once
8 symbols



ARM Macro Assembler    Page 1 Alphabetic symbol ordering
External symbols

LEDs_on 00000000

Symbol: LEDs_on
   Definitions
      At line 7 in file main.s
   Uses
      None
Comment: LEDs_on unused
PortF_Init 00000000

Symbol: PortF_Init
   Definitions
      At line 6 in file main.s
   Uses
      At line 23 in file main.s
Comment: PortF_Init used once
all_off 00000000

Symbol: all_off
   Definitions
      At line 13 in file main.s
   Uses
      At line 55 in file main.s
      At line 62 in file main.s
      At line 67 in file main.s
      At line 73 in file main.s

blue_on 00000000

Symbol: blue_on
   Definitions
      At line 9 in file main.s
   Uses
      At line 63 in file main.s
      At line 81 in file main.s

blue_toggle 00000000

Symbol: blue_toggle
   Definitions
      At line 11 in file main.s
   Uses
      At line 98 in file main.s
Comment: blue_toggle used once
buttons 00000000

Symbol: buttons
   Definitions
      At line 14 in file main.s
   Uses
      At line 38 in file main.s
      At line 75 in file main.s
      At line 84 in file main.s
      At line 91 in file main.s

delay 00000000

Symbol: delay
   Definitions



ARM Macro Assembler    Page 2 Alphabetic symbol ordering
External symbols

      At line 15 in file main.s
   Uses
      At line 37 in file main.s
      At line 56 in file main.s
      At line 78 in file main.s
      At line 87 in file main.s
      At line 94 in file main.s

green_toggle 00000000

Symbol: green_toggle
   Definitions
      At line 12 in file main.s
   Uses
      At line 57 in file main.s
      At line 82 in file main.s
      At line 89 in file main.s
      At line 96 in file main.s

red_on 00000000

Symbol: red_on
   Definitions
      At line 8 in file main.s
   Uses
      At line 68 in file main.s
      At line 80 in file main.s

red_toggle 00000000

Symbol: red_toggle
   Definitions
      At line 10 in file main.s
   Uses
      At line 97 in file main.s
Comment: red_toggle used once
10 symbols
351 symbols in table
