


ARM Macro Assembler    Page 1 


    1 00000000         
    2 00000000         
    3 00000000         
    4 00000000         
    5 00000000                 AREA             |.text|, CODE, READONLY, ALIGN=
2
    6 00000000                 THUMB
    7 00000000                 EXPORT           Start
    8 00000000                 IMPORT           PortF_Init  ;
    9 00000000                 IMPORT           delay
   10 00000000                 IMPORT           delay_dim
   11 00000000                 IMPORT           blue_led_on
   12 00000000                 IMPORT           blue_led_off
   13 00000000                 IMPORT           red_led_on
   14 00000000                 IMPORT           red_led_off
   15 00000000                 IMPORT           green_led_on
   16 00000000                 IMPORT           green_led_off
   17 00000000         
   18 00000000         Start
   19 00000000 F7FF FFFE       BL               PortF_Init  ; ; Initialize the 
                                                            LEDs and Pushbutton
                                                            s
   20 00000004         
   21 00000004         loop
   22 00000004         
   23 00000004 E008            B                parts34     ;Uncomment this lin
                                                            e to skip the toggl
                                                            ing routine used in
                                                             Parts 1 and 2
   24 00000006         
   25 00000006 F7FF FFFE       BL               red_led_on
   26 0000000A F7FF FFFE       BL               delay
   27 0000000E F7FF FFFE       BL               red_led_off
   28 00000012 F7FF FFFE       BL               delay
   29 00000016 E7F5            B                loop
   30 00000018         
   31 00000018         
   32 00000018         parts34
   33 00000018 00000004 
                       red     EQU              4
   34 00000018 F04F 0204       LDR              R2, =red
   35 0000001C         
   36 0000001C         red_function
   37 0000001C F7FF FFFE       BL               red_led_on
   38 00000020 F7FF FFFE       BL               delay
   39 00000024 F7FF FFFE       BL               red_led_off
   40 00000028 F7FF FFFE       BL               delay
   41 0000002C 1E52            SUBS             R2, R2, #1
   42 0000002E D1F5            BNE              red_function
   43 00000030 00000003 
                       bg      EQU              3
   44 00000030 F04F 0303       LDR              r3, = bg
   45 00000034         bg_loop
   46 00000034 00000003 
                       blue    EQU              3
   47 00000034 F04F 0203       LDR              r2, =blue
   48 00000038         blue_function
   49 00000038 F7FF FFFE       BL               blue_led_on
   50 0000003C F7FF FFFE       BL               delay



ARM Macro Assembler    Page 2 


   51 00000040 F7FF FFFE       BL               blue_led_off
   52 00000044 F7FF FFFE       BL               delay
   53 00000048 1E52            SUBS             R2, R2, #1
   54 0000004A D1F5            BNE              blue_function
   55 0000004C         
   56 0000004C 00000002 
                       green   EQU              2
   57 0000004C F04F 0202       LDR              r2, =green
   58 00000050         green_function
   59 00000050 F7FF FFFE       BL               green_led_on
   60 00000054 F7FF FFFE       BL               delay
   61 00000058 F7FF FFFE       BL               green_led_off
   62 0000005C F7FF FFFE       BL               delay
   63 00000060 1E52            SUBS             r2, r2, #1
   64 00000062 D1F5            BNE              green_function
   65 00000064 1E5B            SUBS             R3, R3, #1
   66 00000066 D1E5            BNE              bg_loop
   67 00000068 E7D6            B                parts34
   68 0000006A         
   69 0000006A 00 00           ALIGN                        ; make sure the end
                                                             of this section is
                                                             aligned
   70 0000006C                 END                          ; end of file
Command Line: --debug --xref --diag_suppress=9931 --cpu=Cortex-M4 --apcs=interw
ork --depend=.\objects\main.d -o.\objects\main.o -I.\RTE\_Target_1 -IC:\Users\B
obby\AppData\Local\Arm\Packs\ARM\CMSIS\5.6.0\Device\ARM\ARMCM4\Include -IC:\Kei
l_v5\ARM\CMSIS\Include --predefine="__EVAL SETA 1" --predefine="__UVISION_VERSI
ON SETA 529" --predefine="ARMCM4 SETA 1" --list=.\listings\main.lst main.s



ARM Macro Assembler    Page 1 Alphabetic symbol ordering
Relocatable symbols

.text 00000000

Symbol: .text
   Definitions
      At line 5 in file main.s
   Uses
      None
Comment: .text unused
Start 00000000

Symbol: Start
   Definitions
      At line 18 in file main.s
   Uses
      At line 7 in file main.s
Comment: Start used once
bg_loop 00000034

Symbol: bg_loop
   Definitions
      At line 45 in file main.s
   Uses
      At line 66 in file main.s
Comment: bg_loop used once
blue_function 00000038

Symbol: blue_function
   Definitions
      At line 48 in file main.s
   Uses
      At line 54 in file main.s
Comment: blue_function used once
green_function 00000050

Symbol: green_function
   Definitions
      At line 58 in file main.s
   Uses
      At line 64 in file main.s
Comment: green_function used once
loop 00000004

Symbol: loop
   Definitions
      At line 21 in file main.s
   Uses
      At line 29 in file main.s
Comment: loop used once
parts34 00000018

Symbol: parts34
   Definitions
      At line 32 in file main.s
   Uses
      At line 23 in file main.s
      At line 67 in file main.s

red_function 0000001C




ARM Macro Assembler    Page 2 Alphabetic symbol ordering
Relocatable symbols

Symbol: red_function
   Definitions
      At line 36 in file main.s
   Uses
      At line 42 in file main.s
Comment: red_function used once
8 symbols



ARM Macro Assembler    Page 1 Alphabetic symbol ordering
Absolute symbols

bg 00000003

Symbol: bg
   Definitions
      At line 43 in file main.s
   Uses
      At line 44 in file main.s
Comment: bg used once
blue 00000003

Symbol: blue
   Definitions
      At line 46 in file main.s
   Uses
      At line 47 in file main.s
Comment: blue used once
green 00000002

Symbol: green
   Definitions
      At line 56 in file main.s
   Uses
      At line 57 in file main.s
Comment: green used once
red 00000004

Symbol: red
   Definitions
      At line 33 in file main.s
   Uses
      At line 34 in file main.s
Comment: red used once
4 symbols



ARM Macro Assembler    Page 1 Alphabetic symbol ordering
External symbols

PortF_Init 00000000

Symbol: PortF_Init
   Definitions
      At line 8 in file main.s
   Uses
      At line 19 in file main.s
Comment: PortF_Init used once
blue_led_off 00000000

Symbol: blue_led_off
   Definitions
      At line 12 in file main.s
   Uses
      At line 51 in file main.s
Comment: blue_led_off used once
blue_led_on 00000000

Symbol: blue_led_on
   Definitions
      At line 11 in file main.s
   Uses
      At line 49 in file main.s
Comment: blue_led_on used once
delay 00000000

Symbol: delay
   Definitions
      At line 9 in file main.s
   Uses
      At line 26 in file main.s
      At line 28 in file main.s
      At line 38 in file main.s
      At line 40 in file main.s
      At line 50 in file main.s
      At line 52 in file main.s
      At line 60 in file main.s
      At line 62 in file main.s

delay_dim 00000000

Symbol: delay_dim
   Definitions
      At line 10 in file main.s
   Uses
      None
Comment: delay_dim unused
green_led_off 00000000

Symbol: green_led_off
   Definitions
      At line 16 in file main.s
   Uses
      At line 61 in file main.s
Comment: green_led_off used once
green_led_on 00000000

Symbol: green_led_on
   Definitions



ARM Macro Assembler    Page 2 Alphabetic symbol ordering
External symbols

      At line 15 in file main.s
   Uses
      At line 59 in file main.s
Comment: green_led_on used once
red_led_off 00000000

Symbol: red_led_off
   Definitions
      At line 14 in file main.s
   Uses
      At line 27 in file main.s
      At line 39 in file main.s

red_led_on 00000000

Symbol: red_led_on
   Definitions
      At line 13 in file main.s
   Uses
      At line 25 in file main.s
      At line 37 in file main.s

9 symbols
354 symbols in table
